#
# There is insufficient memory for the Java Runtime Environment to continue.
# Native memory allocation (mmap) failed to map 67108864 bytes for Failed to commit area from 0x00000000fc000000 to 0x0000000100000000 of length 67108864.
# Possible reasons:
#   The system is out of physical RAM or swap space
#   The process is running with CompressedOops enabled, and the Java Heap may be blocking the growth of the native heap
# Possible solutions:
#   Reduce memory load on the system
#   Increase physical memory or swap space
#   Check if swap backing store is full
#   Decrease Java heap size (-Xmx/-Xms)
#   Decrease number of Java threads
#   Decrease Java thread stack sizes (-Xss)
#   Set larger code cache with -XX:ReservedCodeCacheSize=
# This output file may be truncated or incomplete.
#
#  Out of Memory Error (./open/src/hotspot/os/windows/os_windows.cpp:3292), pid=16720, tid=13372
#
# JRE version:  (11.0.18+9) (build )
# Java VM: Java HotSpot(TM) 64-Bit Server VM (11.0.18+9-LTS-195, mixed mode, sharing, tiered, compressed oops, g1 gc, windows-amd64)
# No core dump will be written. Minidumps are not enabled by default on client versions of Windows
#

---------------  S U M M A R Y ------------

Command Line: -Xmx64m -Xms64m -Dorg.gradle.appname=gradlew org.gradle.wrapper.GradleWrapperMain app:installDebug -PreactNativeDevServerPort=8081

Host: AMD Ryzen 5 3600 6-Core Processor              , 12 cores, 63G,  Windows 10 , 64 bit Build 19041 (10.0.19041.1023)
Time: Wed Apr 19 09:38:44 2023 Russia TZ 2 Standard Time elapsed time: 0.010310 seconds (0d 0h 0m 0s)

---------------  T H R E A D  ---------------

Current thread (0x000002bd22c4e800):  JavaThread "Unknown thread" [_thread_in_vm, id=13372, stack(0x000000e281a00000,0x000000e281b00000)]

Stack: [0x000000e281a00000,0x000000e281b00000]
Native frames: (J=compiled Java code, j=interpreted, Vv=VM code, C=native code)
V  [jvm.dll+0x65d8aa]
V  [jvm.dll+0x79fc1f]
V  [jvm.dll+0x7a12e9]
V  [jvm.dll+0x7a1983]
V  [jvm.dll+0x2585b5]
V  [jvm.dll+0x65ac09]
V  [jvm.dll+0x64f8e5]
V  [jvm.dll+0x311d4d]
V  [jvm.dll+0x311bb2]
V  [jvm.dll+0x3167e6]
V  [jvm.dll+0x35e8d0]
V  [jvm.dll+0x35e342]
V  [jvm.dll+0x2ed488]
V  [jvm.dll+0x2ee595]
V  [jvm.dll+0x779257]
V  [jvm.dll+0x77ab3f]
V  [jvm.dll+0x36bb59]
V  [jvm.dll+0x75dd4f]
V  [jvm.dll+0x3dd5b7]
V  [jvm.dll+0x3df661]
C  [jli.dll+0x52e7]
C  [ucrtbase.dll+0x21bb2]
C  [KERNEL32.DLL+0x17034]
C  [ntdll.dll+0x52651]


---------------  P R O C E S S  ---------------

Threads class SMR info:
_java_thread_list=0x000002bd20a30c30, length=0, elements={
}

Java Threads: ( => current thread )

Other Threads:
  0x000002bd22c62800 GCTaskThread "GC Thread#0" [stack: 0x000000e281b00000,0x000000e281c00000] [id=28028]
  0x000002bd22c6b000 ConcurrentGCThread "G1 Main Marker" [stack: 0x000000e281c00000,0x000000e281d00000] [id=5616]
  0x000002bd22c6d800 ConcurrentGCThread "G1 Conc#0" [stack: 0x000000e281d00000,0x000000e281e00000] [id=21936]

[error occurred during error reporting (printing all threads), id 0xc0000005, EXCEPTION_ACCESS_VIOLATION (0xc0000005) at pc=0x00007ffad03bded7]

VM state:not at safepoint (not fully initialized)

VM Mutex/Monitor currently owned by a thread:  ([mutex/lock_event])
[0x000002bd22c4b960] Heap_lock - owner thread: 0x000002bd22c4e800

Heap address: 0x00000000fc000000, size: 64 MB, Compressed Oops mode: Non-zero based: 0x00000000fc000000
Narrow klass base: 0x0000000000000000, Narrow klass shift: 0

GC Heap History (0 events):
No events

Deoptimization events (0 events):
No events

Classes redefined (0 events):
No events

Internal exceptions (0 events):
No events

Events (0 events):
No events


Dynamic libraries:
0x00007ff7adec0000 - 0x00007ff7aded0000 	C:\Program Files\Java\jdk-11\bin\java.exe
0x00007ffb54250000 - 0x00007ffb54445000 	C:\Windows\SYSTEM32\ntdll.dll
0x00007ffb52a60000 - 0x00007ffb52b1d000 	C:\Windows\System32\KERNEL32.DLL
0x00007ffb519e0000 - 0x00007ffb51ca9000 	C:\Windows\System32\KERNELBASE.dll
0x00007ffb51ed0000 - 0x00007ffb51fd0000 	C:\Windows\System32\ucrtbase.dll
0x00007ffb317a0000 - 0x00007ffb317b8000 	C:\Program Files\Java\jdk-11\bin\jli.dll
0x00007ffb31600000 - 0x00007ffb3161b000 	C:\Program Files\Java\jdk-11\bin\VCRUNTIME140.dll
0x00007ffb53c30000 - 0x00007ffb53cdc000 	C:\Windows\System32\ADVAPI32.dll
0x00007ffb52d40000 - 0x00007ffb52dde000 	C:\Windows\System32\msvcrt.dll
0x00007ffb538c0000 - 0x00007ffb5395b000 	C:\Windows\System32\sechost.dll
0x00007ffb52f00000 - 0x00007ffb5302a000 	C:\Windows\System32\RPCRT4.dll
0x00007ffb53100000 - 0x00007ffb532a0000 	C:\Windows\System32\USER32.dll
0x00007ffb51cb0000 - 0x00007ffb51cd2000 	C:\Windows\System32\win32u.dll
0x00007ffb39a70000 - 0x00007ffb39d0a000 	C:\Windows\WinSxS\amd64_microsoft.windows.common-controls_6595b64144ccf1df_6.0.19041.1083_none_60bbe31371f34e71\COMCTL32.dll
0x00007ffb53b00000 - 0x00007ffb53b2a000 	C:\Windows\System32\GDI32.dll
0x00007ffb51fd0000 - 0x00007ffb520db000 	C:\Windows\System32\gdi32full.dll
0x00007ffb52110000 - 0x00007ffb521ad000 	C:\Windows\System32\msvcp_win.dll
0x00007ffb4bd30000 - 0x00007ffb4bd3a000 	C:\Windows\SYSTEM32\VERSION.dll
0x00007ffb53030000 - 0x00007ffb53060000 	C:\Windows\System32\IMM32.DLL
0x00007ffb313a0000 - 0x00007ffb313ac000 	C:\Program Files\Java\jdk-11\bin\vcruntime140_1.dll
0x00007ffadd840000 - 0x00007ffadd8ce000 	C:\Program Files\Java\jdk-11\bin\msvcp140.dll
0x00007ffad00c0000 - 0x00007ffad0c28000 	C:\Program Files\Java\jdk-11\bin\server\jvm.dll
0x00007ffb53af0000 - 0x00007ffb53af8000 	C:\Windows\System32\PSAPI.DLL
0x00007ffb3e6f0000 - 0x00007ffb3e6f9000 	C:\Windows\SYSTEM32\WSOCK32.dll
0x00007ffb53b30000 - 0x00007ffb53b9b000 	C:\Windows\System32\WS2_32.dll
0x00007ffb2b2a0000 - 0x00007ffb2b2c7000 	C:\Windows\SYSTEM32\WINMM.dll
0x00007ffb4f8a0000 - 0x00007ffb4f8b2000 	C:\Windows\SYSTEM32\kernel.appcore.dll
0x00007ffb31390000 - 0x00007ffb313a0000 	C:\Program Files\Java\jdk-11\bin\verify.dll
0x00007ffb4ae50000 - 0x00007ffb4b034000 	C:\Windows\SYSTEM32\DBGHELP.DLL
0x00007ffb4b170000 - 0x00007ffb4b19c000 	C:\Windows\SYSTEM32\dbgcore.DLL
0x00007ffb51ce0000 - 0x00007ffb51d63000 	C:\Windows\System32\bcryptPrimitives.dll
0x00007ffb16df0000 - 0x00007ffb16e18000 	C:\Program Files\Java\jdk-11\bin\java.dll
0x00007ffb235e0000 - 0x00007ffb235ea000 	C:\Program Files\Java\jdk-11\bin\jimage.dll
0x00007ffb19f60000 - 0x00007ffb19f77000 	C:\Program Files\Java\jdk-11\bin\zip.dll

dbghelp: loaded successfully - version: 4.0.5 - missing functions: none
symbol engine: initialized successfully - sym options: 0x614 - pdb path: .;C:\Program Files\Java\jdk-11\bin;C:\Windows\SYSTEM32;C:\Windows\WinSxS\amd64_microsoft.windows.common-controls_6595b64144ccf1df_6.0.19041.1083_none_60bbe31371f34e71;C:\Program Files\Java\jdk-11\bin\server

VM Arguments:
jvm_args: -Xmx64m -Xms64m -Dorg.gradle.appname=gradlew 
java_command: org.gradle.wrapper.GradleWrapperMain app:installDebug -PreactNativeDevServerPort=8081
java_class_path (initial): D:\booing\BooingApp-Frontend\android\\gradle\wrapper\gradle-wrapper.jar
Launcher Type: SUN_STANDARD

[Global flags]
     intx CICompilerCount                          = 4                                         {product} {ergonomic}
     uint ConcGCThreads                            = 3                                         {product} {ergonomic}
     uint G1ConcRefinementThreads                  = 10                                        {product} {ergonomic}
   size_t G1HeapRegionSize                         = 1048576                                   {product} {ergonomic}
    uintx GCDrainStackTargetSize                   = 64                                        {product} {ergonomic}
   size_t InitialHeapSize                          = 67108864                                  {product} {command line}
   size_t MarkStackSize                            = 4194304                                   {product} {ergonomic}
   size_t MaxHeapSize                              = 67108864                                  {product} {command line}
   size_t MinHeapDeltaBytes                        = 1048576                                   {product} {ergonomic}
    uintx NonNMethodCodeHeapSize                   = 5836300                                {pd product} {ergonomic}
    uintx NonProfiledCodeHeapSize                  = 122910970                              {pd product} {ergonomic}
    uintx ProfiledCodeHeapSize                     = 122910970                              {pd product} {ergonomic}
    uintx ReservedCodeCacheSize                    = 251658240                              {pd product} {ergonomic}
     bool SegmentedCodeCache                       = true                                      {product} {ergonomic}
     bool UseCompressedClassPointers               = true                                 {lp64_product} {ergonomic}
     bool UseCompressedOops                        = true                                 {lp64_product} {ergonomic}
     bool UseG1GC                                  = true                                      {product} {ergonomic}
     bool UseLargePagesIndividualAllocation        = false                                  {pd product} {ergonomic}

Logging:
Log output configuration:
 #0: stdout all=warning uptime,level,tags
 #1: stderr all=off uptime,level,tags

Environment Variables:
JAVA_HOME=C:\Program Files\Java\jdk-11
CLASSPATH=D:\booing\BooingApp-Frontend\android\\gradle\wrapper\gradle-wrapper.jar
PATH=D:\booing\BooingApp-Frontend\android\node_modules\.bin;D:\booing\BooingApp-Frontend\node_modules\.bin;D:\booing\node_modules\.bin;D:\node_modules\.bin;D:\booing\node;D:\booing\BooingApp-Frontend\node_modules\.bin;D:\booing\node_modules\.bin;D:\node_modules\.bin;D:\booing\node\node_modules\npm\node_modules\@npmcli\run-script\lib\node-gyp-bin;C:\Program Files (x86)\VMware\VMware Workstation\bin\;C:\Program Files\Common Files\Oracle\Java\javapath;C:\Windows\system32;C:\Windows;C:\Windows\System32\Wbem;C:\Windows\System32\WindowsPowerShell\v1.0\;C:\Windows\System32\OpenSSH\;C:\Program Files\Git\cmd;C:\Program Files\Bandizip\;C:\Program Files\Microsoft VS Code\bin;C:\Program Files (x86)\Yarn\bin\;C:\Users\jk4\AppData\Roaming\nvm;C:\Program Files\nodejs;C:\Program Files\Java\jdk-11\bin;C:\Users\jk4\AppData\Local\Android\Sdk\platform-tools;C:\Users\jk4\AppData\Local\Android\Sdk\tools;;C:\Program Files\Docker\Docker\resources\bin;C:\Users\jk5\AppData\Local\Microsoft\WindowsApps;D:\booing\node;C:\Users\jk5\AppData\Local\Android\Sdk\platform-tools;C:\Users\jk5\AppData\Local\Android\Sdk\tools;C:\Program Files\Java\jdk-11\bin;
USERNAME=jk5
OS=Windows_NT
PROCESSOR_IDENTIFIER=AMD64 Family 23 Model 113 Stepping 0, AuthenticAMD



---------------  S Y S T E M  ---------------

OS: Windows 10 , 64 bit Build 19041 (10.0.19041.1023)
Hyper-V role detected

CPU:total 12 (initial active 12) (12 cores per cpu, 2 threads per core) family 23 model 113 stepping 0 microcode 0x0, cmov, cx8, fxsr, mmx, sse, sse2, sse3, ssse3, sse4.1, sse4.2, popcnt, avx, avx2, aes, clmul, mmxext, 3dnowpref, lzcnt, sse4a, ht, tsc, tscinvbit, tscinv, bmi1, bmi2, adx,

Memory: 4k page, system-wide physical 65461M (4657M free)
TotalPageFile size 69461M (AvailPageFile size 49M)
current process WorkingSet (physical memory assigned to process): 10M, peak: 10M
current process commit charge ("private bytes"): 63M, peak: 127M

vm_info: Java HotSpot(TM) 64-Bit Server VM (11.0.18+9-LTS-195) for windows-amd64 JRE (11.0.18+9-LTS-195), built on Dec  6 2022 15:50:58 by "mach5one" with MS VC++ 17.1 (VS2022)

END.
